<?xml version="1.0" encoding="UTF-8"?>
<!-- Generated by org.testng.reporters.JUnitReportReporter -->
<testsuite skipped="0" hostname="AjVivoBook" name="tests.LoginPageTest" tests="1" failures="0" timestamp="2022-07-03T11:02:31 IST" time="9.499" errors="0">
  <testcase name="regressionTest" time="9.499" classname="tests.LoginPageTest"/>
  <system-out/>
</testsuite> <!-- tests.LoginPageTest -->
