<?xml version="1.0" encoding="UTF-8"?>
<!-- Generated by org.testng.reporters.JUnitReportReporter -->
<testsuite skipped="0" hostname="AjVivoBook" name="tests.test1" tests="1" failures="0" timestamp="2022-06-05T15:52:33 IST" time="0.005" errors="0">
  <testcase name="testcase1" time="0.005" classname="tests.test1"/>
  <system-out/>
</testsuite> <!-- tests.test1 -->
