<?xml version="1.0" encoding="UTF-8"?>
<!-- Generated by org.testng.reporters.JUnitReportReporter -->
<testsuite hostname="ip-172-31-89-60.ec2.internal" failures="0" tests="1" name="sanityTestcases.SanityTest1" time="7.192" errors="0" timestamp="2025-05-30T18:03:47 UTC" skipped="0">
  <testcase classname="sanityTestcases.SanityTest1" name="openGoogleAndSearch" time="7.192"/>
  <system-out/>
</testsuite> <!-- sanityTestcases.SanityTest1 -->
