<?xml version="1.0" encoding="UTF-8"?>
<!-- Generated by org.testng.reporters.JUnitReportReporter -->
<testsuite hostname="ip-172-31-89-60.ec2.internal" failures="0" tests="1" name="sanityTestcases.SanityTest3" time="4.094" errors="0" timestamp="2025-05-30T18:03:47 UTC" skipped="0">
  <testcase classname="sanityTestcases.SanityTest3" name="openGoogleAndSearch" time="4.094"/>
  <system-out/>
</testsuite> <!-- sanityTestcases.SanityTest3 -->
