<?xml version="1.0" encoding="UTF-8"?>
<testsuite xmlns:xsi="http://www.w3.org/2001/XMLSchema-instance" xsi:noNamespaceSchemaLocation="https://maven.apache.org/surefire/maven-surefire-plugin/xsd/surefire-test-report-3.0.xsd" version="3.0" name="TestSuite" time="0.898" tests="1" errors="0" skipped="0" failures="0">
  <properties>
    <property name="sun.desktop" value="windows"/>
    <property name="awt.toolkit" value="sun.awt.windows.WToolkit"/>
    <property name="file.encoding.pkg" value="sun.io"/>
    <property name="java.specification.version" value="1.8"/>
    <property name="sun.cpu.isalist" value="amd64"/>
    <property name="sun.jnu.encoding" value="Cp1252"/>
    <property name="java.class.path" value="C:\Users\pandi.AJVIVOBOOK\eclipse-workspace\Aj_Automation\MVNProjectWOJenkinsParameters\target\test-classes;C:\Users\pandi.AJVIVOBOOK\eclipse-workspace\Aj_Automation\MVNProjectWOJenkinsParameters\target\classes;C:\WINDOWS\system32\config\systemprofile\.m2\repository\org\seleniumhq\selenium\selenium-java\3.141.59\selenium-java-3.141.59.jar;C:\WINDOWS\system32\config\systemprofile\.m2\repository\org\seleniumhq\selenium\selenium-api\3.141.59\selenium-api-3.141.59.jar;C:\WINDOWS\system32\config\systemprofile\.m2\repository\org\seleniumhq\selenium\selenium-chrome-driver\3.141.59\selenium-chrome-driver-3.141.59.jar;C:\WINDOWS\system32\config\systemprofile\.m2\repository\org\seleniumhq\selenium\selenium-edge-driver\3.141.59\selenium-edge-driver-3.141.59.jar;C:\WINDOWS\system32\config\systemprofile\.m2\repository\org\seleniumhq\selenium\selenium-firefox-driver\3.141.59\selenium-firefox-driver-3.141.59.jar;C:\WINDOWS\system32\config\systemprofile\.m2\repository\org\seleniumhq\selenium\selenium-ie-driver\3.141.59\selenium-ie-driver-3.141.59.jar;C:\WINDOWS\system32\config\systemprofile\.m2\repository\org\seleniumhq\selenium\selenium-opera-driver\3.141.59\selenium-opera-driver-3.141.59.jar;C:\WINDOWS\system32\config\systemprofile\.m2\repository\org\seleniumhq\selenium\selenium-remote-driver\3.141.59\selenium-remote-driver-3.141.59.jar;C:\WINDOWS\system32\config\systemprofile\.m2\repository\org\seleniumhq\selenium\selenium-safari-driver\3.141.59\selenium-safari-driver-3.141.59.jar;C:\WINDOWS\system32\config\systemprofile\.m2\repository\org\seleniumhq\selenium\selenium-support\3.141.59\selenium-support-3.141.59.jar;C:\WINDOWS\system32\config\systemprofile\.m2\repository\net\bytebuddy\byte-buddy\1.8.15\byte-buddy-1.8.15.jar;C:\WINDOWS\system32\config\systemprofile\.m2\repository\org\apache\commons\commons-exec\1.3\commons-exec-1.3.jar;C:\WINDOWS\system32\config\systemprofile\.m2\repository\com\google\guava\guava\25.0-jre\guava-25.0-jre.jar;C:\WINDOWS\system32\config\systemprofile\.m2\repository\com\google\code\findbugs\jsr305\1.3.9\jsr305-1.3.9.jar;C:\WINDOWS\system32\config\systemprofile\.m2\repository\org\checkerframework\checker-compat-qual\2.0.0\checker-compat-qual-2.0.0.jar;C:\WINDOWS\system32\config\systemprofile\.m2\repository\com\google\errorprone\error_prone_annotations\2.1.3\error_prone_annotations-2.1.3.jar;C:\WINDOWS\system32\config\systemprofile\.m2\repository\com\google\j2objc\j2objc-annotations\1.1\j2objc-annotations-1.1.jar;C:\WINDOWS\system32\config\systemprofile\.m2\repository\org\codehaus\mojo\animal-sniffer-annotations\1.14\animal-sniffer-annotations-1.14.jar;C:\WINDOWS\system32\config\systemprofile\.m2\repository\com\squareup\okhttp3\okhttp\3.11.0\okhttp-3.11.0.jar;C:\WINDOWS\system32\config\systemprofile\.m2\repository\com\squareup\okio\okio\1.14.0\okio-1.14.0.jar;C:\WINDOWS\system32\config\systemprofile\.m2\repository\org\testng\testng\7.3.0\testng-7.3.0.jar;C:\WINDOWS\system32\config\systemprofile\.m2\repository\com\beust\jcommander\1.78\jcommander-1.78.jar;C:\WINDOWS\system32\config\systemprofile\.m2\repository\org\apache\ant\ant\1.10.3\ant-1.10.3.jar;C:\WINDOWS\system32\config\systemprofile\.m2\repository\org\apache\ant\ant-launcher\1.10.3\ant-launcher-1.10.3.jar;C:\WINDOWS\system32\config\systemprofile\.m2\repository\junit\junit\4.12\junit-4.12.jar;C:\WINDOWS\system32\config\systemprofile\.m2\repository\org\hamcrest\hamcrest-core\1.3\hamcrest-core-1.3.jar;C:\WINDOWS\system32\config\systemprofile\.m2\repository\com\google\inject\guice\4.2.2\guice-4.2.2-no_aop.jar;C:\WINDOWS\system32\config\systemprofile\.m2\repository\javax\inject\javax.inject\1\javax.inject-1.jar;C:\WINDOWS\system32\config\systemprofile\.m2\repository\aopalliance\aopalliance\1.0\aopalliance-1.0.jar;C:\WINDOWS\system32\config\systemprofile\.m2\repository\org\yaml\snakeyaml\1.21\snakeyaml-1.21.jar;C:\WINDOWS\system32\config\systemprofile\.m2\repository\io\github\bonigarcia\webdrivermanager\4.2.0\webdrivermanager-4.2.0.jar;C:\WINDOWS\system32\config\systemprofile\.m2\repository\org\slf4j\slf4j-api\1.7.30\slf4j-api-1.7.30.jar;C:\WINDOWS\system32\config\systemprofile\.m2\repository\commons-io\commons-io\2.7\commons-io-2.7.jar;C:\WINDOWS\system32\config\systemprofile\.m2\repository\com\google\code\gson\gson\2.8.6\gson-2.8.6.jar;C:\WINDOWS\system32\config\systemprofile\.m2\repository\org\apache\commons\commons-lang3\3.11\commons-lang3-3.11.jar;C:\WINDOWS\system32\config\systemprofile\.m2\repository\org\apache\httpcomponents\client5\httpclient5\5.0.1\httpclient5-5.0.1.jar;C:\WINDOWS\system32\config\systemprofile\.m2\repository\org\apache\httpcomponents\core5\httpcore5\5.0.1\httpcore5-5.0.1.jar;C:\WINDOWS\system32\config\systemprofile\.m2\repository\org\apache\httpcomponents\core5\httpcore5-h2\5.0.1\httpcore5-h2-5.0.1.jar;C:\WINDOWS\system32\config\systemprofile\.m2\repository\commons-codec\commons-codec\1.13\commons-codec-1.13.jar;C:\WINDOWS\system32\config\systemprofile\.m2\repository\org\rauschig\jarchivelib\1.0.0\jarchivelib-1.0.0.jar;C:\WINDOWS\system32\config\systemprofile\.m2\repository\org\apache\commons\commons-compress\1.18\commons-compress-1.18.jar;C:\WINDOWS\system32\config\systemprofile\.m2\repository\org\jsoup\jsoup\1.13.1\jsoup-1.13.1.jar;"/>
    <property name="java.vm.vendor" value="Oracle Corporation"/>
    <property name="sun.arch.data.model" value="64"/>
    <property name="user.variant" value=""/>
    <property name="java.vendor.url" value="http://java.oracle.com/"/>
    <property name="user.timezone" value="Asia/Calcutta"/>
    <property name="java.vm.specification.version" value="1.8"/>
    <property name="os.name" value="Windows 10"/>
    <property name="user.country" value="US"/>
    <property name="sun.java.launcher" value="SUN_STANDARD"/>
    <property name="sun.boot.library.path" value="C:\Program Files\Java\jdk1.8.0_311\jre\bin"/>
    <property name="sun.java.command" value="C:\Windows\Temp\surefire5737224514077682789\surefirebooter8205056378767401159.jar C:\Windows\Temp\surefire5737224514077682789 2022-06-05T15-52-19_665-jvmRun1 surefire3565453614656332413tmp surefire_08008298390178811569tmp"/>
    <property name="surefire.test.class.path" value="C:\Users\pandi.AJVIVOBOOK\eclipse-workspace\Aj_Automation\MVNProjectWOJenkinsParameters\target\test-classes;C:\Users\pandi.AJVIVOBOOK\eclipse-workspace\Aj_Automation\MVNProjectWOJenkinsParameters\target\classes;C:\WINDOWS\system32\config\systemprofile\.m2\repository\org\seleniumhq\selenium\selenium-java\3.141.59\selenium-java-3.141.59.jar;C:\WINDOWS\system32\config\systemprofile\.m2\repository\org\seleniumhq\selenium\selenium-api\3.141.59\selenium-api-3.141.59.jar;C:\WINDOWS\system32\config\systemprofile\.m2\repository\org\seleniumhq\selenium\selenium-chrome-driver\3.141.59\selenium-chrome-driver-3.141.59.jar;C:\WINDOWS\system32\config\systemprofile\.m2\repository\org\seleniumhq\selenium\selenium-edge-driver\3.141.59\selenium-edge-driver-3.141.59.jar;C:\WINDOWS\system32\config\systemprofile\.m2\repository\org\seleniumhq\selenium\selenium-firefox-driver\3.141.59\selenium-firefox-driver-3.141.59.jar;C:\WINDOWS\system32\config\systemprofile\.m2\repository\org\seleniumhq\selenium\selenium-ie-driver\3.141.59\selenium-ie-driver-3.141.59.jar;C:\WINDOWS\system32\config\systemprofile\.m2\repository\org\seleniumhq\selenium\selenium-opera-driver\3.141.59\selenium-opera-driver-3.141.59.jar;C:\WINDOWS\system32\config\systemprofile\.m2\repository\org\seleniumhq\selenium\selenium-remote-driver\3.141.59\selenium-remote-driver-3.141.59.jar;C:\WINDOWS\system32\config\systemprofile\.m2\repository\org\seleniumhq\selenium\selenium-safari-driver\3.141.59\selenium-safari-driver-3.141.59.jar;C:\WINDOWS\system32\config\systemprofile\.m2\repository\org\seleniumhq\selenium\selenium-support\3.141.59\selenium-support-3.141.59.jar;C:\WINDOWS\system32\config\systemprofile\.m2\repository\net\bytebuddy\byte-buddy\1.8.15\byte-buddy-1.8.15.jar;C:\WINDOWS\system32\config\systemprofile\.m2\repository\org\apache\commons\commons-exec\1.3\commons-exec-1.3.jar;C:\WINDOWS\system32\config\systemprofile\.m2\repository\com\google\guava\guava\25.0-jre\guava-25.0-jre.jar;C:\WINDOWS\system32\config\systemprofile\.m2\repository\com\google\code\findbugs\jsr305\1.3.9\jsr305-1.3.9.jar;C:\WINDOWS\system32\config\systemprofile\.m2\repository\org\checkerframework\checker-compat-qual\2.0.0\checker-compat-qual-2.0.0.jar;C:\WINDOWS\system32\config\systemprofile\.m2\repository\com\google\errorprone\error_prone_annotations\2.1.3\error_prone_annotations-2.1.3.jar;C:\WINDOWS\system32\config\systemprofile\.m2\repository\com\google\j2objc\j2objc-annotations\1.1\j2objc-annotations-1.1.jar;C:\WINDOWS\system32\config\systemprofile\.m2\repository\org\codehaus\mojo\animal-sniffer-annotations\1.14\animal-sniffer-annotations-1.14.jar;C:\WINDOWS\system32\config\systemprofile\.m2\repository\com\squareup\okhttp3\okhttp\3.11.0\okhttp-3.11.0.jar;C:\WINDOWS\system32\config\systemprofile\.m2\repository\com\squareup\okio\okio\1.14.0\okio-1.14.0.jar;C:\WINDOWS\system32\config\systemprofile\.m2\repository\org\testng\testng\7.3.0\testng-7.3.0.jar;C:\WINDOWS\system32\config\systemprofile\.m2\repository\com\beust\jcommander\1.78\jcommander-1.78.jar;C:\WINDOWS\system32\config\systemprofile\.m2\repository\org\apache\ant\ant\1.10.3\ant-1.10.3.jar;C:\WINDOWS\system32\config\systemprofile\.m2\repository\org\apache\ant\ant-launcher\1.10.3\ant-launcher-1.10.3.jar;C:\WINDOWS\system32\config\systemprofile\.m2\repository\junit\junit\4.12\junit-4.12.jar;C:\WINDOWS\system32\config\systemprofile\.m2\repository\org\hamcrest\hamcrest-core\1.3\hamcrest-core-1.3.jar;C:\WINDOWS\system32\config\systemprofile\.m2\repository\com\google\inject\guice\4.2.2\guice-4.2.2-no_aop.jar;C:\WINDOWS\system32\config\systemprofile\.m2\repository\javax\inject\javax.inject\1\javax.inject-1.jar;C:\WINDOWS\system32\config\systemprofile\.m2\repository\aopalliance\aopalliance\1.0\aopalliance-1.0.jar;C:\WINDOWS\system32\config\systemprofile\.m2\repository\org\yaml\snakeyaml\1.21\snakeyaml-1.21.jar;C:\WINDOWS\system32\config\systemprofile\.m2\repository\io\github\bonigarcia\webdrivermanager\4.2.0\webdrivermanager-4.2.0.jar;C:\WINDOWS\system32\config\systemprofile\.m2\repository\org\slf4j\slf4j-api\1.7.30\slf4j-api-1.7.30.jar;C:\WINDOWS\system32\config\systemprofile\.m2\repository\commons-io\commons-io\2.7\commons-io-2.7.jar;C:\WINDOWS\system32\config\systemprofile\.m2\repository\com\google\code\gson\gson\2.8.6\gson-2.8.6.jar;C:\WINDOWS\system32\config\systemprofile\.m2\repository\org\apache\commons\commons-lang3\3.11\commons-lang3-3.11.jar;C:\WINDOWS\system32\config\systemprofile\.m2\repository\org\apache\httpcomponents\client5\httpclient5\5.0.1\httpclient5-5.0.1.jar;C:\WINDOWS\system32\config\systemprofile\.m2\repository\org\apache\httpcomponents\core5\httpcore5\5.0.1\httpcore5-5.0.1.jar;C:\WINDOWS\system32\config\systemprofile\.m2\repository\org\apache\httpcomponents\core5\httpcore5-h2\5.0.1\httpcore5-h2-5.0.1.jar;C:\WINDOWS\system32\config\systemprofile\.m2\repository\commons-codec\commons-codec\1.13\commons-codec-1.13.jar;C:\WINDOWS\system32\config\systemprofile\.m2\repository\org\rauschig\jarchivelib\1.0.0\jarchivelib-1.0.0.jar;C:\WINDOWS\system32\config\systemprofile\.m2\repository\org\apache\commons\commons-compress\1.18\commons-compress-1.18.jar;C:\WINDOWS\system32\config\systemprofile\.m2\repository\org\jsoup\jsoup\1.13.1\jsoup-1.13.1.jar;"/>
    <property name="sun.cpu.endian" value="little"/>
    <property name="user.home" value="C:\WINDOWS\system32\config\systemprofile"/>
    <property name="user.language" value="en"/>
    <property name="java.specification.vendor" value="Oracle Corporation"/>
    <property name="java.home" value="C:\Program Files\Java\jdk1.8.0_311\jre"/>
    <property name="basedir" value="C:\Users\pandi.AJVIVOBOOK\eclipse-workspace\Aj_Automation\MVNProjectWOJenkinsParameters"/>
    <property name="file.separator" value="\"/>
    <property name="line.separator" value="&#10;"/>
    <property name="java.vm.specification.vendor" value="Oracle Corporation"/>
    <property name="java.specification.name" value="Java Platform API Specification"/>
    <property name="java.awt.graphicsenv" value="sun.awt.Win32GraphicsEnvironment"/>
    <property name="surefire.real.class.path" value="C:\Windows\Temp\surefire5737224514077682789\surefirebooter8205056378767401159.jar"/>
    <property name="sun.boot.class.path" value="C:\Program Files\Java\jdk1.8.0_311\jre\lib\resources.jar;C:\Program Files\Java\jdk1.8.0_311\jre\lib\rt.jar;C:\Program Files\Java\jdk1.8.0_311\jre\lib\sunrsasign.jar;C:\Program Files\Java\jdk1.8.0_311\jre\lib\jsse.jar;C:\Program Files\Java\jdk1.8.0_311\jre\lib\jce.jar;C:\Program Files\Java\jdk1.8.0_311\jre\lib\charsets.jar;C:\Program Files\Java\jdk1.8.0_311\jre\lib\jfr.jar;C:\Program Files\Java\jdk1.8.0_311\jre\classes"/>
    <property name="user.script" value=""/>
    <property name="sun.management.compiler" value="HotSpot 64-Bit Tiered Compilers"/>
    <property name="java.runtime.version" value="1.8.0_311-b11"/>
    <property name="user.name" value="AJVIVOBOOK$"/>
    <property name="path.separator" value=";"/>
    <property name="os.version" value="10.0"/>
    <property name="java.endorsed.dirs" value="C:\Program Files\Java\jdk1.8.0_311\jre\lib\endorsed"/>
    <property name="java.runtime.name" value="Java(TM) SE Runtime Environment"/>
    <property name="file.encoding" value="Cp1252"/>
    <property name="java.vm.name" value="Java HotSpot(TM) 64-Bit Server VM"/>
    <property name="localRepository" value="C:\WINDOWS\system32\config\systemprofile\.m2\repository"/>
    <property name="java.vendor.url.bug" value="http://bugreport.sun.com/bugreport/"/>
    <property name="java.io.tmpdir" value="C:\WINDOWS\TEMP\"/>
    <property name="java.version" value="1.8.0_311"/>
    <property name="user.dir" value="C:\Users\pandi.AJVIVOBOOK\eclipse-workspace\Aj_Automation\MVNProjectWOJenkinsParameters"/>
    <property name="os.arch" value="amd64"/>
    <property name="java.vm.specification.name" value="Java Virtual Machine Specification"/>
    <property name="java.awt.printerjob" value="sun.awt.windows.WPrinterJob"/>
    <property name="sun.os.patch.level" value=""/>
    <property name="java.library.path" value="C:\Program Files\Java\jdk1.8.0_311\jre\bin;C:\WINDOWS\Sun\Java\bin;C:\WINDOWS\system32;C:\WINDOWS;C:\Users\pandi.AJVIVOBOOK\Downloads\SetupFiles\Maven\apache-maven-3.8.4/bin;C:\Program Files\Java\jdk1.8.0_311/bin;C:\Program Files\Java\jdk1.8.0_311/bin;C:\Program Files (x86)\Intel\Intel(R) Management Engine Components\iCLS\;C:\Program Files\Intel\Intel(R) Management Engine Components\iCLS\;C:\WINDOWS\system32;C:\WINDOWS;C:\WINDOWS\System32\Wbem;C:\WINDOWS\System32\WindowsPowerShell\v1.0\;C:\WINDOWS\System32\OpenSSH\;C:\Program Files (x86)\Intel\Intel(R) Management Engine Components\DAL;C:\Program Files\Intel\Intel(R) Management Engine Components\DAL;C:\Program Files (x86)\Intel\Intel(R) Management Engine Components\IPT;C:\Program Files\Intel\Intel(R) Management Engine Components\IPT;C:\Program Files\Intel\WiFi\bin\;C:\Program Files\Common Files\Intel\WirelessCommon\;C:\Program Files\PuTTY\;C:\Program Files\nodejs;C:\Program Files (x86)\Microsoft\Edge\Application;C:\Program Files (x86)\NetSarang\Xshell 7\;C:\Program Files\Docker\Docker\resources\bin;C:\ProgramData\DockerDesktop\version-bin;C:\Program Files\Java\jdk1.8.0_311\bin;C:\Users\pandi.AJVIVOBOOK\Downloads\SetupFiles\Maven\apache-maven-3.8.4\bin;C:\Program Files\Git\cmd;C:\Program Files\Jenkins;C:\WINDOWS\system32\config\systemprofile\AppData\Local\Microsoft\WindowsApps;."/>
    <property name="java.vm.info" value="mixed mode"/>
    <property name="java.vendor" value="Oracle Corporation"/>
    <property name="java.vm.version" value="25.311-b11"/>
    <property name="java.ext.dirs" value="C:\Program Files\Java\jdk1.8.0_311\jre\lib\ext;C:\WINDOWS\Sun\Java\lib\ext"/>
    <property name="sun.io.unicode.encoding" value="UnicodeLittle"/>
    <property name="java.class.version" value="52.0"/>
  </properties>
  <testcase name="testcase1" classname="tests.test1" time="0.008">
    <system-out><![CDATA[#########################################
#      Jenkins Parameters Session       #
#########################################
]]></system-out>
  </testcase>
</testsuite>